<?xml version="1.0" encoding="UTF-8"?>
<!-- Generated by org.testng.reporters.JUnitReportReporter -->
<testsuite hostname="Tamilselvi" failures="0" tests="9" name="mentor.Ashaworker" time="104.834" errors="0" timestamp="2024-08-06T14:57:11 IST" skipped="0">
  <testcase classname="mentor.Ashaworker" name="edit" time="46.782"/>
  <system-out/>
  <testcase classname="mentor.Ashaworker" name="totalashaworker" time="0.206"/>
  <system-out/>
  <testcase classname="mentor.Ashaworker" name="delete" time="7.189"/>
  <system-out/>
  <testcase classname="mentor.Ashaworker" name="error" time="6.344"/>
  <system-out/>
  <testcase classname="mentor.Ashaworker" name="launch" time="4.490"/>
  <system-out/>
  <testcase classname="mentor.Ashaworker" name="add" time="10.743"/>
  <system-out/>
  <testcase classname="mentor.Ashaworker" name="save" time="8.610"/>
  <system-out/>
  <testcase classname="mentor.Ashaworker" name="success" time="9.167"/>
  <system-out/>
  <testcase classname="mentor.Ashaworker" name="cancel" time="11.303"/>
  <system-out/>
</testsuite> <!-- mentor.Ashaworker -->
