<?xml version="1.0" encoding="UTF-8"?>
<!-- Generated by org.testng.reporters.JUnitReportReporter -->
<testsuite hostname="Tamilselvi" failures="0" tests="1" name="dynamicBrowser.Stud" time="11.196" errors="0" timestamp="2024-07-03T16:35:10 IST" skipped="0">
  <testcase classname="dynamicBrowser.Stud" name="student" time="11.196"/>
  <system-out/>
</testsuite> <!-- dynamicBrowser.Stud -->
