<?xml version="1.0" encoding="UTF-8"?>
<!-- Generated by org.testng.reporters.JUnitReportReporter -->
<testsuite hostname="Tamilselvi" failures="0" tests="1" name="testrNG.sample" time="0.005" errors="0" timestamp="2024-07-01T12:38:11 IST" skipped="0">
  <testcase classname="testrNG.sample" name="sample1" time="0.005"/>
  <system-out/>
</testsuite> <!-- testrNG.sample -->
