<?xml version="1.0" encoding="UTF-8"?>
<!-- Generated by org.testng.reporters.JUnitReportReporter -->
<testsuite hostname="Tamilselvi" failures="0" tests="6" name="mentor.Resubmission" time="60.126" errors="0" timestamp="2024-08-06T14:57:11 IST" skipped="0">
  <testcase classname="mentor.Resubmission" name="proficiency" time="6.222"/>
  <system-out/>
  <testcase classname="mentor.Resubmission" name="locate" time="15.385"/>
  <system-out/>
  <testcase classname="mentor.Resubmission" name="visit" time="9.103"/>
  <system-out/>
  <testcase classname="mentor.Resubmission" name="sub" time="18.107"/>
  <system-out/>
  <testcase classname="mentor.Resubmission" name="clickall" time="7.044"/>
  <system-out/>
  <testcase classname="mentor.Resubmission" name="move" time="4.265"/>
  <system-out/>
</testsuite> <!-- mentor.Resubmission -->
