<?xml version="1.0" encoding="UTF-8"?>
<!-- Generated by org.testng.reporters.JUnitReportReporter -->
<testsuite hostname="Tamilselvi" failures="0" tests="8" name="mentor.MorbidityModule" time="66.531" errors="0" timestamp="2024-08-06T14:57:11 IST" skipped="0">
  <testcase classname="mentor.MorbidityModule" name="totalmember" time="22.255"/>
  <system-out/>
  <testcase classname="mentor.MorbidityModule" name="Visit" time="2.149"/>
  <system-out/>
  <testcase classname="mentor.MorbidityModule" name="clickview" time="28.693"/>
  <system-out/>
  <testcase classname="mentor.MorbidityModule" name="search" time="0.165"/>
  <system-out/>
  <testcase classname="mentor.MorbidityModule" name="proficiency" time="0.236"/>
  <system-out/>
  <testcase classname="mentor.MorbidityModule" name="area" time="2.208"/>
  <system-out/>
  <testcase classname="mentor.MorbidityModule" name="download" time="6.648"/>
  <system-out/>
  <testcase classname="mentor.MorbidityModule" name="clickmorbidity" time="4.177"/>
  <system-out/>
</testsuite> <!-- mentor.MorbidityModule -->
