<?xml version="1.0" encoding="UTF-8"?>
<!-- Generated by org.testng.reporters.JUnitReportReporter -->
<testsuite hostname="Tamilselvi" failures="0" tests="5" name="mentor.DashBoard" time="67.387" errors="0" timestamp="2024-08-06T14:57:11 IST" skipped="0">
  <testcase classname="mentor.DashBoard" name="Edit" time="13.685"/>
  <system-out/>
  <testcase classname="mentor.DashBoard" name="clickDashboard" time="16.718"/>
  <system-out/>
  <testcase classname="mentor.DashBoard" name="back" time="0.695"/>
  <system-out/>
  <testcase classname="mentor.DashBoard" name="clickall" time="27.565"/>
  <system-out/>
  <testcase classname="mentor.DashBoard" name="clickvisit" time="8.724"/>
  <system-out/>
</testsuite> <!-- mentor.DashBoard -->
