<?xml version="1.0" encoding="UTF-8"?>
<!-- Generated by org.testng.reporters.JUnitReportReporter -->
<testsuite hostname="Tamilselvi" failures="0" tests="8" name="mentor.VisitModule" time="74.005" errors="0" timestamp="2024-08-06T14:57:11 IST" skipped="0">
  <testcase classname="mentor.VisitModule" name="visit" time="6.214"/>
  <system-out/>
  <testcase classname="mentor.VisitModule" name="download1" time="5.786"/>
  <system-out/>
  <testcase classname="mentor.VisitModule" name="visitStatus" time="9.211"/>
  <system-out/>
  <testcase classname="mentor.VisitModule" name="prof" time="8.212"/>
  <system-out/>
  <testcase classname="mentor.VisitModule" name="search1" time="4.200"/>
  <system-out/>
  <testcase classname="mentor.VisitModule" name="calendarwithOkbutton" time="17.587"/>
  <system-out/>
  <testcase classname="mentor.VisitModule" name="move" time="2.210"/>
  <system-out/>
  <testcase classname="mentor.VisitModule" name="calendarwithCancelbutton" time="20.585"/>
  <system-out/>
</testsuite> <!-- mentor.VisitModule -->
