<?xml version="1.0" encoding="UTF-8"?>
<!-- Generated by org.testng.reporters.JUnitReportReporter -->
<testsuite hostname="Tamilselvi" failures="0" tests="1" name="mentor.Archieve" time="4.228" errors="0" timestamp="2024-08-06T14:57:11 IST" skipped="0">
  <testcase classname="mentor.Archieve" name="achievelist" time="4.228"/>
  <system-out/>
</testsuite> <!-- mentor.Archieve -->
