<?xml version="1.0" encoding="UTF-8"?>
<!-- Generated by org.testng.reporters.JUnitReportReporter -->
<testsuite hostname="Tamilselvi" failures="0" tests="6" name="mentor.FamilyMember" time="85.086" errors="0" timestamp="2024-08-06T14:57:11 IST" skipped="0">
  <testcase classname="mentor.FamilyMember" name="search2" time="12.340"/>
  <system-out/>
  <testcase classname="mentor.FamilyMember" name="area" time="12.292"/>
  <system-out/>
  <testcase classname="mentor.FamilyMember" name="action" time="9.162"/>
  <system-out/>
  <testcase classname="mentor.FamilyMember" name="viewButton" time="38.650"/>
  <system-out/>
  <testcase classname="mentor.FamilyMember" name="student" time="9.552"/>
  <system-out/>
  <testcase classname="mentor.FamilyMember" name="download2" time="3.090"/>
  <system-out/>
</testsuite> <!-- mentor.FamilyMember -->
