<?xml version="1.0" encoding="UTF-8"?>
<!-- Generated by org.testng.reporters.JUnitReportReporter -->
<testsuite hostname="Tamilselvi" failures="0" tests="4" name="mentor.Treatment" time="78.541" errors="0" timestamp="2024-08-06T14:57:11 IST" skipped="0">
  <testcase classname="mentor.Treatment" name="treat" time="15.492"/>
  <system-out/>
  <testcase classname="mentor.Treatment" name="download" time="0.094"/>
  <system-out/>
  <testcase classname="mentor.Treatment" name="print" time="35.166"/>
  <system-out/>
  <testcase classname="mentor.Treatment" name="search" time="27.789"/>
  <system-out/>
</testsuite> <!-- mentor.Treatment -->
