<?xml version="1.0" encoding="UTF-8"?>
<!-- Generated by org.testng.reporters.JUnitReportReporter -->
<testsuite hostname="Tamilselvi" failures="0" tests="12" name="mentor.StudentModule" time="83.626" errors="0" timestamp="2024-08-06T14:57:11 IST" skipped="0">
  <testcase classname="mentor.StudentModule" name="editsubmit" time="7.306"/>
  <system-out/>
  <testcase classname="mentor.StudentModule" name="archievestudent" time="4.228"/>
  <system-out/>
  <testcase classname="mentor.StudentModule" name="CancelProficiency" time="12.987"/>
  <system-out/>
  <testcase classname="mentor.StudentModule" name="Uploadcancel" time="9.241"/>
  <system-out/>
  <testcase classname="mentor.StudentModule" name="addcancel" time="6.890"/>
  <system-out/>
  <testcase classname="mentor.StudentModule" name="search" time="0.131"/>
  <system-out/>
  <testcase classname="mentor.StudentModule" name="Uploadsubmit" time="8.866"/>
  <system-out/>
  <testcase classname="mentor.StudentModule" name="editcancel" time="9.659"/>
  <system-out/>
  <testcase classname="mentor.StudentModule" name="UpdateProficiency" time="6.332"/>
  <system-out/>
  <testcase classname="mentor.StudentModule" name="clickstudent" time="4.332"/>
  <system-out/>
  <testcase classname="mentor.StudentModule" name="proficiencyfilter" time="0.498"/>
  <system-out/>
  <testcase classname="mentor.StudentModule" name="addsubmit" time="13.156"/>
  <system-out/>
</testsuite> <!-- mentor.StudentModule -->
