<?xml version="1.0" encoding="UTF-8"?>
<!-- Generated by org.testng.reporters.JUnitReportReporter -->
<testsuite hostname="Tamilselvi" failures="0" tests="6" name="mentor.Report" time="53.245" errors="0" timestamp="2024-08-06T14:57:11 IST" skipped="0">
  <testcase classname="mentor.Report" name="action" time="3.365"/>
  <system-out/>
  <testcase classname="mentor.Report" name="toDate" time="15.528"/>
  <system-out/>
  <testcase classname="mentor.Report" name="download" time="3.204"/>
  <system-out/>
  <testcase classname="mentor.Report" name="report" time="9.238"/>
  <system-out/>
  <testcase classname="mentor.Report" name="error1" time="6.293"/>
  <system-out/>
  <testcase classname="mentor.Report" name="fromDate" time="15.617"/>
  <system-out/>
</testsuite> <!-- mentor.Report -->
